<?xml version="1.0" encoding="UTF-8"?>
<testng-results ignored="0" total="2" passed="2" failed="0" skipped="0">
  <reporter-output>
  </reporter-output>
  <suite started-at="2018-08-05T20:24:15Z" name="Suite" finished-at="2018-08-05T20:25:21Z" duration-ms="66062">
    <groups>
    </groups>
    <test started-at="2018-08-05T20:24:15Z" name="chromeTestCases" finished-at="2018-08-05T20:24:45Z" duration-ms="29822">
      <class name="testNG.CrossBrowser">
        <test-method signature="verifyPageTitle(java.lang.String)[pri:0, instance:testNG.CrossBrowser@71238fc2]" started-at="2018-08-05T20:24:15Z" name="verifyPageTitle" finished-at="2018-08-05T20:24:45Z" duration-ms="29734" status="PASS">
          <params>
            <param index="0">
              <value>
                <![CDATA[chrome]]>
              </value>
            </param>
          </params>
          <reporter-output>
          </reporter-output>
        </test-method> <!-- verifyPageTitle -->
      </class> <!-- testNG.CrossBrowser -->
    </test> <!-- chromeTestCases -->
    <test started-at="2018-08-05T20:24:15Z" name="firefoxTestCases" finished-at="2018-08-05T20:25:21Z" duration-ms="66062">
      <class name="testNG.CrossBrowser">
        <test-method signature="verifyPageTitle(java.lang.String)[pri:0, instance:testNG.CrossBrowser@3514a4c0]" started-at="2018-08-05T20:24:15Z" name="verifyPageTitle" finished-at="2018-08-05T20:25:21Z" duration-ms="65989" status="PASS">
          <params>
            <param index="0">
              <value>
                <![CDATA[firefox]]>
              </value>
            </param>
          </params>
          <reporter-output>
          </reporter-output>
        </test-method> <!-- verifyPageTitle -->
      </class> <!-- testNG.CrossBrowser -->
    </test> <!-- firefoxTestCases -->
  </suite> <!-- Suite -->
</testng-results>
