<?xml version="1.0" encoding="UTF-8"?>
<!-- Generated by org.testng.reporters.JUnitXMLReporter -->
<testsuite ignored="0" hostname="DESKTOP-9SVVQO2" failures="0" tests="3" name="Default test" time="55.312" errors="0" timestamp="19 Jul 2018 16:47:15 GMT">
  <testcase classname="listenerDemo.WorkWithDataprovider" name="login" time="9.24"/>
  <testcase classname="listenerDemo.WorkWithDataprovider" name="login" time="9.961"/>
  <testcase classname="listenerDemo.WorkWithDataprovider" name="login" time="7.096"/>
</testsuite> <!-- Default test -->
